This is pdfTeX, Version 3.141592653-2.6-1.40.25 (MiKTeX 23.4) (preloaded format=pdflatex 2023.9.13)  14 OCT 2023 13:59
entering extended mode
 \write18 enabled.
 %&-line parsing enabled.
**./02-intro.tex
(02-intro.tex
LaTeX2e <2022-11-01> patch level 1
L3 programming layer <2023-03-30>
! Undefined control sequence.
l.1 \section
            {–í–≤–µ–¥–µ–Ω–∏–µ}
The control sequence at the end of the top line
of your error message was never \def'ed. If you have
misspelled it (e.g., `\hobx'), type `I' and the correct
spelling (e.g., `I\hbox'). Otherwise just continue,
and I'll forget about whatever was undefined.


! LaTeX Error: Unicode character –í (U+0412)
               not set up for use with LaTeX.

See the LaTeX manual or LaTeX Companion for explanation.
Type  H <return>  for immediate help.
 ...                                              
                                                  
l.1 \section{–í
               –≤–µ–¥–µ–Ω–∏–µ}
You may provide a definition with
\DeclareUnicodeCharacter 


! LaTeX Error: Unicode character –≤ (U+0432)
               not set up for use with LaTeX.

See the LaTeX manual or LaTeX Companion for explanation.
Type  H <return>  for immediate help.
 ...                                              
                                                  
l.1 \section{–í–≤
                 –µ–¥–µ–Ω–∏–µ}
You may provide a definition with
\DeclareUnicodeCharacter 


! LaTeX Error: Unicode character –µ (U+0435)
               not set up for use with LaTeX.

See the LaTeX manual or LaTeX Companion for explanation.
Type  H <return>  for immediate help.
 ...                                              
                                                  
l.1 \section{–í–≤–µ
                   –¥–µ–Ω–∏–µ}
You may provide a definition with
\DeclareUnicodeCharacter 


! LaTeX Error: Unicode character –¥ (U+0434)
               not set up for use with LaTeX.

See the LaTeX manual or LaTeX Companion for explanation.
Type  H <return>  for immediate help.
 ...                                              
                                                  
l.1 \section{–í–≤–µ–¥
                     –µ–Ω–∏–µ}
You may provide a definition with
\DeclareUnicodeCharacter 


! LaTeX Error: Unicode character –µ (U+0435)
               not set up for use with LaTeX.

See the LaTeX manual or LaTeX Companion for explanation.
Type  H <return>  for immediate help.
 ...                                              
                                                  
l.1 \section{–í–≤–µ–¥–µ
                       –Ω–∏–µ}
You may provide a definition with
\DeclareUnicodeCharacter 


! LaTeX Error: Unicode character –Ω (U+043D)
               not set up for use with LaTeX.

See the LaTeX manual or LaTeX Companion for explanation.
Type  H <return>  for immediate help.
 ...                                              
                                                  
l.1 \section{–í–≤–µ–¥–µ–Ω
                         –∏–µ}
You may provide a definition with
\DeclareUnicodeCharacter 


! LaTeX Error: Unicode character –∏ (U+0438)
               not set up for use with LaTeX.

See the LaTeX manual or LaTeX Companion for explanation.
Type  H <return>  for immediate help.
 ...                                              
                                                  
l.1 \section{–í–≤–µ–¥–µ–Ω–∏
                           –µ}
You may provide a definition with
\DeclareUnicodeCharacter 


! LaTeX Error: Unicode character –µ (U+0435)
               not set up for use with LaTeX.

See the LaTeX manual or LaTeX Companion for explanation.
Type  H <return>  for immediate help.
 ...                                              
                                                  
l.1 \section{–í–≤–µ–¥–µ–Ω–∏–µ
                             }
You may provide a definition with
\DeclareUnicodeCharacter 

! Undefined control sequence.
l.2 \subsection
               {–¶–µ–ª—å —Ä–∞–±–æ—Ç—ã}
The control sequence at the end of the top line
of your error message was never \def'ed. If you have
misspelled it (e.g., `\hobx'), type `I' and the correct
spelling (e.g., `I\hbox'). Otherwise just continue,
and I'll forget about whatever was undefined.


! LaTeX Error: Unicode character –¶ (U+0426)
               not set up for use with LaTeX.

See the LaTeX manual or LaTeX Companion for explanation.
Type  H <return>  for immediate help.
 ...                                              
                                                  
l.2 \subsection{–¶
                  –µ–ª—å —Ä–∞–±–æ—Ç—ã}
You may provide a definition with
\DeclareUnicodeCharacter 


! LaTeX Error: Unicode character –µ (U+0435)
               not set up for use with LaTeX.

See the LaTeX manual or LaTeX Companion for explanation.
Type  H <return>  for immediate help.
 ...                                              
                                                  
l.2 \subsection{–¶–µ
                    –ª—å —Ä–∞–±–æ—Ç—ã}
You may provide a definition with
\DeclareUnicodeCharacter 


! LaTeX Error: Unicode character –ª (U+043B)
               not set up for use with LaTeX.

See the LaTeX manual or LaTeX Companion for explanation.
Type  H <return>  for immediate help.
 ...                                              
                                                  
l.2 \subsection{–¶–µ–ª
                      —å —Ä–∞–±–æ—Ç—ã}
You may provide a definition with
\DeclareUnicodeCharacter 


! LaTeX Error: Unicode character —å (U+044C)
               not set up for use with LaTeX.

See the LaTeX manual or LaTeX Companion for explanation.
Type  H <return>  for immediate help.
 ...                                              
                                                  
l.2 \subsection{–¶–µ–ª—å
                         —Ä–∞–±–æ—Ç—ã}
You may provide a definition with
\DeclareUnicodeCharacter 


! LaTeX Error: Unicode character —Ä (U+0440)
               not set up for use with LaTeX.

See the LaTeX manual or LaTeX Companion for explanation.
Type  H <return>  for immediate help.
 ...                                              
                                                  
l.2 \subsection{–¶–µ–ª—å —Ä
                           –∞–±–æ—Ç—ã}
You may provide a definition with
\DeclareUnicodeCharacter 


! LaTeX Error: Unicode character –∞ (U+0430)
               not set up for use with LaTeX.

See the LaTeX manual or LaTeX Companion for explanation.
Type  H <return>  for immediate help.
 ...                                              
                                                  
l.2 \subsection{–¶–µ–ª—å —Ä–∞
                             –±–æ—Ç—ã}
You may provide a definition with
\DeclareUnicodeCharacter 


! LaTeX Error: Unicode character –± (U+0431)
               not set up for use with LaTeX.

See the LaTeX manual or LaTeX Companion for explanation.
Type  H <return>  for immediate help.
 ...                                              
                                                  
l.2 \subsection{–¶–µ–ª—å —Ä–∞–±
                               –æ—Ç—ã}
You may provide a definition with
\DeclareUnicodeCharacter 


! LaTeX Error: Unicode character –æ (U+043E)
               not set up for use with LaTeX.

See the LaTeX manual or LaTeX Companion for explanation.
Type  H <return>  for immediate help.
 ...                                              
                                                  
l.2 \subsection{–¶–µ–ª—å —Ä–∞–±–æ
                                 —Ç—ã}
You may provide a definition with
\DeclareUnicodeCharacter 


! LaTeX Error: Unicode character —Ç (U+0442)
               not set up for use with LaTeX.

See the LaTeX manual or LaTeX Companion for explanation.
Type  H <return>  for immediate help.
 ...                                              
                                                  
l.2 \subsection{–¶–µ–ª—å —Ä–∞–±–æ—Ç
                                   —ã}
You may provide a definition with
\DeclareUnicodeCharacter 


! LaTeX Error: Unicode character —ã (U+044B)
               not set up for use with LaTeX.

See the LaTeX manual or LaTeX Companion for explanation.
Type  H <return>  for immediate help.
 ...                                              
                                                  
l.2 \subsection{–¶–µ–ª—å —Ä–∞–±–æ—Ç—ã
                                     }
You may provide a definition with
\DeclareUnicodeCharacter 


! LaTeX Error: Unicode character –û (U+041E)
               not set up for use with LaTeX.

See the LaTeX manual or LaTeX Companion for explanation.
Type  H <return>  for immediate help.
 ...                                              
                                                  
l.4 –û
      —Å–Ω–æ–≤–Ω–æ–π —Ü–µ–ª—å—é —Ä–∞–±–æ—Ç—ã —è–≤–ª—è–µ—Ç—Å—è –æ–∑–Ω–∞–∫–æ–º...

You may provide a definition with
\DeclareUnicodeCharacter 


! LaTeX Error: Unicode character —Å (U+0441)
               not set up for use with LaTeX.

See the LaTeX manual or LaTeX Companion for explanation.
Type  H <return>  for immediate help.
 ...                                              
                                                  
l.4 –û—Å
        –Ω–æ–≤–Ω–æ–π —Ü–µ–ª—å—é —Ä–∞–±–æ—Ç—ã —è–≤–ª—è–µ—Ç—Å—è –æ–∑–Ω–∞–∫–æ–º...

You may provide a definition with
\DeclareUnicodeCharacter 


! LaTeX Error: Unicode character –Ω (U+043D)
               not set up for use with LaTeX.

See the LaTeX manual or LaTeX Companion for explanation.
Type  H <return>  for immediate help.
 ...                                              
                                                  
l.4 –û—Å–Ω
          –æ–≤–Ω–æ–π —Ü–µ–ª—å—é —Ä–∞–±–æ—Ç—ã —è–≤–ª—è–µ—Ç—Å—è –æ–∑–Ω–∞–∫–æ–º...

You may provide a definition with
\DeclareUnicodeCharacter 


! LaTeX Error: Unicode character –æ (U+043E)
               not set up for use with LaTeX.

See the LaTeX manual or LaTeX Companion for explanation.
Type  H <return>  for immediate help.
 ...                                              
                                                  
l.4 –û—Å–Ω–æ
            –≤–Ω–æ–π —Ü–µ–ª—å—é —Ä–∞–±–æ—Ç—ã —è–≤–ª—è–µ—Ç—Å—è –æ–∑–Ω–∞–∫–æ–º...

You may provide a definition with
\DeclareUnicodeCharacter 


! LaTeX Error: Unicode character –≤ (U+0432)
               not set up for use with LaTeX.

See the LaTeX manual or LaTeX Companion for explanation.
Type  H <return>  for immediate help.
 ...                                              
                                                  
l.4 –û—Å–Ω–æ–≤
              –Ω–æ–π —Ü–µ–ª—å—é —Ä–∞–±–æ—Ç—ã —è–≤–ª—è–µ—Ç—Å—è –æ–∑–Ω–∞–∫–æ–º...

You may provide a definition with
\DeclareUnicodeCharacter 


! LaTeX Error: Unicode character –Ω (U+043D)
               not set up for use with LaTeX.

See the LaTeX manual or LaTeX Companion for explanation.
Type  H <return>  for immediate help.
 ...                                              
                                                  
l.4 –û—Å–Ω–æ–≤–Ω
                –æ–π —Ü–µ–ª—å—é —Ä–∞–±–æ—Ç—ã —è–≤–ª—è–µ—Ç—Å—è –æ–∑–Ω–∞–∫–æ–º...

You may provide a definition with
\DeclareUnicodeCharacter 


! LaTeX Error: Unicode character –æ (U+043E)
               not set up for use with LaTeX.

See the LaTeX manual or LaTeX Companion for explanation.
Type  H <return>  for immediate help.
 ...                                              
                                                  
l.4 –û—Å–Ω–æ–≤–Ω–æ
                  –π —Ü–µ–ª—å—é —Ä–∞–±–æ—Ç—ã —è–≤–ª—è–µ—Ç—Å—è –æ–∑–Ω–∞–∫–æ–º...

You may provide a definition with
\DeclareUnicodeCharacter 


! LaTeX Error: Unicode character –π (U+0439)
               not set up for use with LaTeX.

See the LaTeX manual or LaTeX Companion for explanation.
Type  H <return>  for immediate help.
 ...                                              
                                                  
l.4 –û—Å–Ω–æ–≤–Ω–æ–π
                     —Ü–µ–ª—å—é —Ä–∞–±–æ—Ç—ã —è–≤–ª—è–µ—Ç—Å—è –æ–∑–Ω–∞–∫–æ–º...

You may provide a definition with
\DeclareUnicodeCharacter 


! LaTeX Error: Unicode character —Ü (U+0446)
               not set up for use with LaTeX.

See the LaTeX manual or LaTeX Companion for explanation.
Type  H <return>  for immediate help.
 ...                                              
                                                  
l.4 –û—Å–Ω–æ–≤–Ω–æ–π —Ü
                       –µ–ª—å—é —Ä–∞–±–æ—Ç—ã —è–≤–ª—è–µ—Ç—Å—è –æ–∑–Ω–∞–∫–æ–º...

You may provide a definition with
\DeclareUnicodeCharacter 


! LaTeX Error: Unicode character –µ (U+0435)
               not set up for use with LaTeX.

See the LaTeX manual or LaTeX Companion for explanation.
Type  H <return>  for immediate help.
 ...                                              
                                                  
l.4 –û—Å–Ω–æ–≤–Ω–æ–π —Ü–µ
                         –ª—å—é —Ä–∞–±–æ—Ç—ã —è–≤–ª—è–µ—Ç—Å—è –æ–∑–Ω–∞–∫–æ–º...

You may provide a definition with
\DeclareUnicodeCharacter 


! LaTeX Error: Unicode character –ª (U+043B)
               not set up for use with LaTeX.

See the LaTeX manual or LaTeX Companion for explanation.
Type  H <return>  for immediate help.
 ...                                              
                                                  
l.4 –û—Å–Ω–æ–≤–Ω–æ–π —Ü–µ–ª
                           —å—é —Ä–∞–±–æ—Ç—ã —è–≤–ª—è–µ—Ç—Å—è –æ–∑–Ω–∞–∫–æ–º...

You may provide a definition with
\DeclareUnicodeCharacter 


! LaTeX Error: Unicode character —å (U+044C)
               not set up for use with LaTeX.

See the LaTeX manual or LaTeX Companion for explanation.
Type  H <return>  for immediate help.
 ...                                              
                                                  
l.4 –û—Å–Ω–æ–≤–Ω–æ–π —Ü–µ–ª—å
                             —é —Ä–∞–±–æ—Ç—ã —è–≤–ª—è–µ—Ç—Å—è –æ–∑–Ω–∞–∫–æ–º...

You may provide a definition with
\DeclareUnicodeCharacter 


! LaTeX Error: Unicode character —é (U+044E)
               not set up for use with LaTeX.

See the LaTeX manual or LaTeX Companion for explanation.
Type  H <return>  for immediate help.
 ...                                              
                                                  
l.4 –û—Å–Ω–æ–≤–Ω–æ–π —Ü–µ–ª—å—é
                                —Ä–∞–±–æ—Ç—ã —è–≤–ª—è–µ—Ç—Å—è –æ–∑–Ω–∞–∫–æ–º...

You may provide a definition with
\DeclareUnicodeCharacter 


! LaTeX Error: Unicode character —Ä (U+0440)
               not set up for use with LaTeX.

See the LaTeX manual or LaTeX Companion for explanation.
Type  H <return>  for immediate help.
 ...                                              
                                                  
l.4 –û—Å–Ω–æ–≤–Ω–æ–π —Ü–µ–ª—å—é —Ä
                                  –∞–±–æ—Ç—ã —è–≤–ª—è–µ—Ç—Å—è –æ–∑–Ω–∞–∫–æ–º...

You may provide a definition with
\DeclareUnicodeCharacter 


! LaTeX Error: Unicode character –∞ (U+0430)
               not set up for use with LaTeX.

See the LaTeX manual or LaTeX Companion for explanation.
Type  H <return>  for immediate help.
 ...                                              
                                                  
l.4 –û—Å–Ω–æ–≤–Ω–æ–π —Ü–µ–ª—å—é —Ä–∞
                                    –±–æ—Ç—ã —è–≤–ª—è–µ—Ç—Å—è –æ–∑–Ω–∞–∫–æ–º...

You may provide a definition with
\DeclareUnicodeCharacter 


! LaTeX Error: Unicode character –± (U+0431)
               not set up for use with LaTeX.

See the LaTeX manual or LaTeX Companion for explanation.
Type  H <return>  for immediate help.
 ...                                              
                                                  
l.4 –û—Å–Ω–æ–≤–Ω–æ–π —Ü–µ–ª—å—é —Ä–∞–±
                                      –æ—Ç—ã —è–≤–ª—è–µ—Ç—Å—è –æ–∑–Ω–∞–∫–æ–º...

You may provide a definition with
\DeclareUnicodeCharacter 


! LaTeX Error: Unicode character –æ (U+043E)
               not set up for use with LaTeX.

See the LaTeX manual or LaTeX Companion for explanation.
Type  H <return>  for immediate help.
 ...                                              
                                                  
l.4 –û—Å–Ω–æ–≤–Ω–æ–π —Ü–µ–ª—å—é —Ä–∞–±–æ
                                        —Ç—ã —è–≤–ª—è–µ—Ç—Å—è –æ–∑–Ω–∞–∫–æ–º...

You may provide a definition with
\DeclareUnicodeCharacter 


! LaTeX Error: Unicode character —Ç (U+0442)
               not set up for use with LaTeX.

See the LaTeX manual or LaTeX Companion for explanation.
Type  H <return>  for immediate help.
 ...                                              
                                                  
l.4 –û—Å–Ω–æ–≤–Ω–æ–π —Ü–µ–ª—å—é —Ä–∞–±–æ—Ç
                                          —ã —è–≤–ª—è–µ—Ç—Å—è –æ–∑–Ω–∞–∫–æ–º...

You may provide a definition with
\DeclareUnicodeCharacter 


! LaTeX Error: Unicode character —ã (U+044B)
               not set up for use with LaTeX.

See the LaTeX manual or LaTeX Companion for explanation.
Type  H <return>  for immediate help.
 ...                                              
                                                  
l.4 –û—Å–Ω–æ–≤–Ω–æ–π —Ü–µ–ª—å—é —Ä–∞–±–æ—Ç—ã
                                             —è–≤–ª—è–µ—Ç—Å—è –æ–∑–Ω–∞–∫–æ–º...

You may provide a definition with
\DeclareUnicodeCharacter 


! LaTeX Error: Unicode character —è (U+044F)
               not set up for use with LaTeX.

See the LaTeX manual or LaTeX Companion for explanation.
Type  H <return>  for immediate help.
 ...                                              
                                                  
l.4 –û—Å–Ω–æ–≤–Ω–æ–π —Ü–µ–ª—å—é —Ä–∞–±–æ—Ç—ã —è
                                               –≤–ª—è–µ—Ç—Å—è –æ–∑–Ω–∞–∫–æ–º...

You may provide a definition with
\DeclareUnicodeCharacter 


! LaTeX Error: Unicode character –≤ (U+0432)
               not set up for use with LaTeX.

See the LaTeX manual or LaTeX Companion for explanation.
Type  H <return>  for immediate help.
 ...                                              
                                                  
l.4 –û—Å–Ω–æ–≤–Ω–æ–π —Ü–µ–ª—å—é —Ä–∞–±–æ—Ç—ã —è–≤
                                                 –ª—è–µ—Ç—Å—è –æ–∑–Ω–∞–∫–æ–º...

You may provide a definition with
\DeclareUnicodeCharacter 


! LaTeX Error: Unicode character –ª (U+043B)
               not set up for use with LaTeX.

See the LaTeX manual or LaTeX Companion for explanation.
Type  H <return>  for immediate help.
 ...                                              
                                                  
l.4 ...–Ω–æ–≤–Ω–æ–π —Ü–µ–ª—å—é —Ä–∞–±–æ—Ç—ã —è–≤–ª
                                                  —è–µ—Ç—Å—è –æ–∑–Ω–∞–∫–æ–º–...

You may provide a definition with
\DeclareUnicodeCharacter 


! LaTeX Error: Unicode character —è (U+044F)
               not set up for use with LaTeX.

See the LaTeX manual or LaTeX Companion for explanation.
Type  H <return>  for immediate help.
 ...                                              
                                                  
l.4 ...–æ–≤–Ω–æ–π —Ü–µ–ª—å—é —Ä–∞–±–æ—Ç—ã —è–≤–ª—è
                                                  –µ—Ç—Å—è –æ–∑–Ω–∞–∫–æ–º–ª–...

You may provide a definition with
\DeclareUnicodeCharacter 


! LaTeX Error: Unicode character –µ (U+0435)
               not set up for use with LaTeX.

See the LaTeX manual or LaTeX Companion for explanation.
Type  H <return>  for immediate help.
 ...                                              
                                                  
l.4 ...–≤–Ω–æ–π —Ü–µ–ª—å—é —Ä–∞–±–æ—Ç—ã —è–≤–ª—è–µ
                                                  —Ç—Å—è –æ–∑–Ω–∞–∫–æ–º–ª–µ–...

You may provide a definition with
\DeclareUnicodeCharacter 


! LaTeX Error: Unicode character —Ç (U+0442)
               not set up for use with LaTeX.

See the LaTeX manual or LaTeX Companion for explanation.
Type  H <return>  for immediate help.
 ...                                              
                                                  
l.4 ...–Ω–æ–π —Ü–µ–ª—å—é —Ä–∞–±–æ—Ç—ã —è–≤–ª—è–µ—Ç
                                                  —Å—è –æ–∑–Ω–∞–∫–æ–º–ª–µ–Ω–...

You may provide a definition with
\DeclareUnicodeCharacter 


! LaTeX Error: Unicode character —Å (U+0441)
               not set up for use with LaTeX.

See the LaTeX manual or LaTeX Companion for explanation.
Type  H <return>  for immediate help.
 ...                                              
                                                  
l.4 ...–æ–π —Ü–µ–ª—å—é —Ä–∞–±–æ—Ç—ã —è–≤–ª—è–µ—Ç—Å
                                                  —è –æ–∑–Ω–∞–∫–æ–º–ª–µ–Ω–∏–...

You may provide a definition with
\DeclareUnicodeCharacter 


! LaTeX Error: Unicode character —è (U+044F)
               not set up for use with LaTeX.

See the LaTeX manual or LaTeX Companion for explanation.
Type  H <return>  for immediate help.
 ...                                              
                                                  
l.4 ...–π —Ü–µ–ª—å—é —Ä–∞–±–æ—Ç—ã —è–≤–ª—è–µ—Ç—Å—è
                                                   –æ–∑–Ω–∞–∫–æ–º–ª–µ–Ω–∏–µ ...

You may provide a definition with
\DeclareUnicodeCharacter 


! LaTeX Error: Unicode character –æ (U+043E)
               not set up for use with LaTeX.

See the LaTeX manual or LaTeX Companion for explanation.
Type  H <return>  for immediate help.
 ...                                              
                                                  
l.4 ...—Ü–µ–ª—å—é —Ä–∞–±–æ—Ç—ã —è–≤–ª—è–µ—Ç—Å—è –æ
                                                  –∑–Ω–∞–∫–æ–º–ª–µ–Ω–∏–µ —Å ...

You may provide a definition with
\DeclareUnicodeCharacter 


! LaTeX Error: Unicode character –∑ (U+0437)
               not set up for use with LaTeX.

See the LaTeX manual or LaTeX Companion for explanation.
Type  H <return>  for immediate help.
 ...                                              
                                                  
l.4 ...–µ–ª—å—é —Ä–∞–±–æ—Ç—ã —è–≤–ª—è–µ—Ç—Å—è –æ–∑
                                                  –Ω–∞–∫–æ–º–ª–µ–Ω–∏–µ —Å –ø...

You may provide a definition with
\DeclareUnicodeCharacter 


! LaTeX Error: Unicode character –Ω (U+043D)
               not set up for use with LaTeX.

See the LaTeX manual or LaTeX Companion for explanation.
Type  H <return>  for immediate help.
 ...                                              
                                                  
l.4 ...–ª—å—é —Ä–∞–±–æ—Ç—ã —è–≤–ª—è–µ—Ç—Å—è –æ–∑–Ω
                                                  –∞–∫–æ–º–ª–µ–Ω–∏–µ —Å –ø—Ä...

You may provide a definition with
\DeclareUnicodeCharacter 


! LaTeX Error: Unicode character –∞ (U+0430)
               not set up for use with LaTeX.

See the LaTeX manual or LaTeX Companion for explanation.
Type  H <return>  for immediate help.
 ...                                              
                                                  
l.4 ...—å—é —Ä–∞–±–æ—Ç—ã —è–≤–ª—è–µ—Ç—Å—è –æ–∑–Ω–∞
                                                  –∫–æ–º–ª–µ–Ω–∏–µ —Å –ø—Ä–∏...

You may provide a definition with
\DeclareUnicodeCharacter 


! LaTeX Error: Unicode character –∫ (U+043A)
               not set up for use with LaTeX.

See the LaTeX manual or LaTeX Companion for explanation.
Type  H <return>  for immediate help.
 ...                                              
                                                  
l.4 ...—é —Ä–∞–±–æ—Ç—ã —è–≤–ª—è–µ—Ç—Å—è –æ–∑–Ω–∞–∫
                                                  –æ–º–ª–µ–Ω–∏–µ —Å –ø—Ä–∏–Ω...

You may provide a definition with
\DeclareUnicodeCharacter 


! LaTeX Error: Unicode character –æ (U+043E)
               not set up for use with LaTeX.

See the LaTeX manual or LaTeX Companion for explanation.
Type  H <return>  for immediate help.
 ...                                              
                                                  
l.4 ... —Ä–∞–±–æ—Ç—ã —è–≤–ª—è–µ—Ç—Å—è –æ–∑–Ω–∞–∫–æ
                                                  –º–ª–µ–Ω–∏–µ —Å –ø—Ä–∏–Ω—Ü...

You may provide a definition with
\DeclareUnicodeCharacter 


! LaTeX Error: Unicode character –º (U+043C)
               not set up for use with LaTeX.

See the LaTeX manual or LaTeX Companion for explanation.
Type  H <return>  for immediate help.
 ...                                              
                                                  
l.4 ...Ä–∞–±–æ—Ç—ã —è–≤–ª—è–µ—Ç—Å—è –æ–∑–Ω–∞–∫–æ–º
                                                  –ª–µ–Ω–∏–µ —Å –ø—Ä–∏–Ω—Ü–∏...

You may provide a definition with
\DeclareUnicodeCharacter 


! LaTeX Error: Unicode character –ª (U+043B)
               not set up for use with LaTeX.

See the LaTeX manual or LaTeX Companion for explanation.
Type  H <return>  for immediate help.
 ...                                              
                                                  
l.4 ...∞–±–æ—Ç—ã —è–≤–ª—è–µ—Ç—Å—è –æ–∑–Ω–∞–∫–æ–º–ª
                                                  –µ–Ω–∏–µ —Å –ø—Ä–∏–Ω—Ü–∏–ø...

You may provide a definition with
\DeclareUnicodeCharacter 


! LaTeX Error: Unicode character –µ (U+0435)
               not set up for use with LaTeX.

See the LaTeX manual or LaTeX Companion for explanation.
Type  H <return>  for immediate help.
 ...                                              
                                                  
l.4 ...±–æ—Ç—ã —è–≤–ª—è–µ—Ç—Å—è –æ–∑–Ω–∞–∫–æ–º–ª–µ
                                                  –Ω–∏–µ —Å –ø—Ä–∏–Ω—Ü–∏–ø–∞...

You may provide a definition with
\DeclareUnicodeCharacter 


! LaTeX Error: Unicode character –Ω (U+043D)
               not set up for use with LaTeX.

See the LaTeX manual or LaTeX Companion for explanation.
Type  H <return>  for immediate help.
 ...                                              
                                                  
l.4 ...æ—Ç—ã —è–≤–ª—è–µ—Ç—Å—è –æ–∑–Ω–∞–∫–æ–º–ª–µ–Ω
                                                  –∏–µ —Å –ø—Ä–∏–Ω—Ü–∏–ø–∞–º...

You may provide a definition with
\DeclareUnicodeCharacter 


! LaTeX Error: Unicode character –∏ (U+0438)
               not set up for use with LaTeX.

See the LaTeX manual or LaTeX Companion for explanation.
Type  H <return>  for immediate help.
 ...                                              
                                                  
l.4 ...Ç—ã —è–≤–ª—è–µ—Ç—Å—è –æ–∑–Ω–∞–∫–æ–º–ª–µ–Ω–∏
                                                  –µ —Å –ø—Ä–∏–Ω—Ü–∏–ø–∞–º–∏...

You may provide a definition with
\DeclareUnicodeCharacter 


! LaTeX Error: Unicode character –µ (U+0435)
               not set up for use with LaTeX.

See the LaTeX manual or LaTeX Companion for explanation.
Type  H <return>  for immediate help.
 ...                                              
                                                  
l.4 ...ã —è–≤–ª—è–µ—Ç—Å—è –æ–∑–Ω–∞–∫–æ–º–ª–µ–Ω–∏–µ
                                                   —Å –ø—Ä–∏–Ω—Ü–∏–ø–∞–º–∏ —...

You may provide a definition with
\DeclareUnicodeCharacter 


! LaTeX Error: Unicode character —Å (U+0441)
               not set up for use with LaTeX.

See the LaTeX manual or LaTeX Companion for explanation.
Type  H <return>  for immediate help.
 ...                                              
                                                  
l.4 ...è–≤–ª—è–µ—Ç—Å—è –æ–∑–Ω–∞–∫–æ–º–ª–µ–Ω–∏–µ —Å
                                                   –ø—Ä–∏–Ω—Ü–∏–ø–∞–º–∏ —Ñ—É...

You may provide a definition with
\DeclareUnicodeCharacter 


! LaTeX Error: Unicode character –ø (U+043F)
               not set up for use with LaTeX.

See the LaTeX manual or LaTeX Companion for explanation.
Type  H <return>  for immediate help.
 ...                                              
                                                  
l.4 ...–ª—è–µ—Ç—Å—è –æ–∑–Ω–∞–∫–æ–º–ª–µ–Ω–∏–µ —Å –ø
                                                  —Ä–∏–Ω—Ü–∏–ø–∞–º–∏ —Ñ—É–Ω–...

You may provide a definition with
\DeclareUnicodeCharacter 


! LaTeX Error: Unicode character —Ä (U+0440)
               not set up for use with LaTeX.

See the LaTeX manual or LaTeX Companion for explanation.
Type  H <return>  for immediate help.
 ...                                              
                                                  
l.4 ...—è–µ—Ç—Å—è –æ–∑–Ω–∞–∫–æ–º–ª–µ–Ω–∏–µ —Å –ø—Ä
                                                  –∏–Ω—Ü–∏–ø–∞–º–∏ —Ñ—É–Ω–∫—...

You may provide a definition with
\DeclareUnicodeCharacter 


! LaTeX Error: Unicode character –∏ (U+0438)
               not set up for use with LaTeX.

See the LaTeX manual or LaTeX Companion for explanation.
Type  H <return>  for immediate help.
 ...                                              
                                                  
l.4 ...–µ—Ç—Å—è –æ–∑–Ω–∞–∫–æ–º–ª–µ–Ω–∏–µ —Å –ø—Ä–∏
                                                  –Ω—Ü–∏–ø–∞–º–∏ —Ñ—É–Ω–∫—Ü–...

You may provide a definition with
\DeclareUnicodeCharacter 


! LaTeX Error: Unicode character –Ω (U+043D)
               not set up for use with LaTeX.

See the LaTeX manual or LaTeX Companion for explanation.
Type  H <return>  for immediate help.
 ...                                              
                                                  
l.4 ...—Ç—Å—è –æ–∑–Ω–∞–∫–æ–º–ª–µ–Ω–∏–µ —Å –ø—Ä–∏–Ω
                                                  —Ü–∏–ø–∞–º–∏ —Ñ—É–Ω–∫—Ü–∏–...

You may provide a definition with
\DeclareUnicodeCharacter 


! LaTeX Error: Unicode character —Ü (U+0446)
               not set up for use with LaTeX.

See the LaTeX manual or LaTeX Companion for explanation.
Type  H <return>  for immediate help.
 ...                                              
                                                  
l.4 ...—Å—è –æ–∑–Ω–∞–∫–æ–º–ª–µ–Ω–∏–µ —Å –ø—Ä–∏–Ω—Ü
                                                  –∏–ø–∞–º–∏ —Ñ—É–Ω–∫—Ü–∏–æ–...

You may provide a definition with
\DeclareUnicodeCharacter 


! LaTeX Error: Unicode character –∏ (U+0438)
               not set up for use with LaTeX.

See the LaTeX manual or LaTeX Companion for explanation.
Type  H <return>  for immediate help.
 ...                                              
                                                  
l.4 ...—è –æ–∑–Ω–∞–∫–æ–º–ª–µ–Ω–∏–µ —Å –ø—Ä–∏–Ω—Ü–∏
                                                  –ø–∞–º–∏ —Ñ—É–Ω–∫—Ü–∏–æ–Ω–...

You may provide a definition with
\DeclareUnicodeCharacter 


! LaTeX Error: Unicode character –ø (U+043F)
               not set up for use with LaTeX.

See the LaTeX manual or LaTeX Companion for explanation.
Type  H <return>  for immediate help.
 ...                                              
                                                  
l.4 ... –æ–∑–Ω–∞–∫–æ–º–ª–µ–Ω–∏–µ —Å –ø—Ä–∏–Ω—Ü–∏–ø
                                                  –∞–º–∏ —Ñ—É–Ω–∫—Ü–∏–æ–Ω–∏—...

You may provide a definition with
\DeclareUnicodeCharacter 


! LaTeX Error: Unicode character –∞ (U+0430)
               not set up for use with LaTeX.

See the LaTeX manual or LaTeX Companion for explanation.
Type  H <return>  for immediate help.
 ...                                              
                                                  
l.4 ...æ–∑–Ω–∞–∫–æ–º–ª–µ–Ω–∏–µ —Å –ø—Ä–∏–Ω—Ü–∏–ø–∞
                                                  –º–∏ —Ñ—É–Ω–∫—Ü–∏–æ–Ω–∏—Ä–...

You may provide a definition with
\DeclareUnicodeCharacter 


! LaTeX Error: Unicode character –º (U+043C)
               not set up for use with LaTeX.

See the LaTeX manual or LaTeX Companion for explanation.
Type  H <return>  for immediate help.
 ...                                              
                                                  
l.4 ...∑–Ω–∞–∫–æ–º–ª–µ–Ω–∏–µ —Å –ø—Ä–∏–Ω—Ü–∏–ø–∞–º
                                                  –∏ —Ñ—É–Ω–∫—Ü–∏–æ–Ω–∏—Ä–æ–...

You may provide a definition with
\DeclareUnicodeCharacter 


! LaTeX Error: Unicode character –∏ (U+0438)
               not set up for use with LaTeX.

See the LaTeX manual or LaTeX Companion for explanation.
Type  H <return>  for immediate help.
 ...                                              
                                                  
l.4 ...Ω–∞–∫–æ–º–ª–µ–Ω–∏–µ —Å –ø—Ä–∏–Ω—Ü–∏–ø–∞–º–∏
                                                   —Ñ—É–Ω–∫—Ü–∏–æ–Ω–∏—Ä–æ–≤–...

You may provide a definition with
\DeclareUnicodeCharacter 


! LaTeX Error: Unicode character —Ñ (U+0444)
               not set up for use with LaTeX.

See the LaTeX manual or LaTeX Companion for explanation.
Type  H <return>  for immediate help.
 ...                                              
                                                  
l.4 ...–∫–æ–º–ª–µ–Ω–∏–µ —Å –ø—Ä–∏–Ω—Ü–∏–ø–∞–º–∏ —Ñ
                                                  —É–Ω–∫—Ü–∏–æ–Ω–∏—Ä–æ–≤–∞–Ω...

You may provide a definition with
\DeclareUnicodeCharacter 


! LaTeX Error: Unicode character —É (U+0443)
               not set up for use with LaTeX.

See the LaTeX manual or LaTeX Companion for explanation.
Type  H <return>  for immediate help.
 ...                                              
                                                  
l.4 ...–æ–º–ª–µ–Ω–∏–µ —Å –ø—Ä–∏–Ω—Ü–∏–ø–∞–º–∏ —Ñ—É
                                                  –Ω–∫—Ü–∏–æ–Ω–∏—Ä–æ–≤–∞–Ω–∏...

You may provide a definition with
\DeclareUnicodeCharacter 


! LaTeX Error: Unicode character –Ω (U+043D)
               not set up for use with LaTeX.

See the LaTeX manual or LaTeX Companion for explanation.
Type  H <return>  for immediate help.
 ...                                              
                                                  
l.4 ...–º–ª–µ–Ω–∏–µ —Å –ø—Ä–∏–Ω—Ü–∏–ø–∞–º–∏ —Ñ—É–Ω
                                                  –∫—Ü–∏–æ–Ω–∏—Ä–æ–≤–∞–Ω–∏—è...

You may provide a definition with
\DeclareUnicodeCharacter 


! LaTeX Error: Unicode character –∫ (U+043A)
               not set up for use with LaTeX.

See the LaTeX manual or LaTeX Companion for explanation.
Type  H <return>  for immediate help.
 ...                                              
                                                  
l.4 ...–ª–µ–Ω–∏–µ —Å –ø—Ä–∏–Ω—Ü–∏–ø–∞–º–∏ —Ñ—É–Ω–∫
                                                  —Ü–∏–æ–Ω–∏—Ä–æ–≤–∞–Ω–∏—è, ...

You may provide a definition with
\DeclareUnicodeCharacter 


! LaTeX Error: Unicode character —Ü (U+0446)
               not set up for use with LaTeX.

See the LaTeX manual or LaTeX Companion for explanation.
Type  H <return>  for immediate help.
 ...                                              
                                                  
l.4 ...–µ–Ω–∏–µ —Å –ø—Ä–∏–Ω—Ü–∏–ø–∞–º–∏ —Ñ—É–Ω–∫—Ü
                                                  –∏–æ–Ω–∏—Ä–æ–≤–∞–Ω–∏—è, –ø...

You may provide a definition with
\DeclareUnicodeCharacter 


! LaTeX Error: Unicode character –∏ (U+0438)
               not set up for use with LaTeX.

See the LaTeX manual or LaTeX Companion for explanation.
Type  H <return>  for immediate help.
 ...                                              
                                                  
l.4 ...–Ω–∏–µ —Å –ø—Ä–∏–Ω—Ü–∏–ø–∞–º–∏ —Ñ—É–Ω–∫—Ü–∏
                                                  –æ–Ω–∏—Ä–æ–≤–∞–Ω–∏—è, –ø–æ...

You may provide a definition with
\DeclareUnicodeCharacter 


! LaTeX Error: Unicode character –æ (U+043E)
               not set up for use with LaTeX.

See the LaTeX manual or LaTeX Companion for explanation.
Type  H <return>  for immediate help.
 ...                                              
                                                  
l.4 ...–∏–µ —Å –ø—Ä–∏–Ω—Ü–∏–ø–∞–º–∏ —Ñ—É–Ω–∫—Ü–∏–æ
                                                  –Ω–∏—Ä–æ–≤–∞–Ω–∏—è, –ø–æ—Å...

You may provide a definition with
\DeclareUnicodeCharacter 


! LaTeX Error: Unicode character –Ω (U+043D)
               not set up for use with LaTeX.

See the LaTeX manual or LaTeX Companion for explanation.
Type  H <return>  for immediate help.
 ...                                              
                                                  
l.4 ...–µ —Å –ø—Ä–∏–Ω—Ü–∏–ø–∞–º–∏ —Ñ—É–Ω–∫—Ü–∏–æ–Ω
                                                  –∏—Ä–æ–≤–∞–Ω–∏—è, –ø–æ—Å—Ç...

You may provide a definition with
\DeclareUnicodeCharacter 


! LaTeX Error: Unicode character –∏ (U+0438)
               not set up for use with LaTeX.

See the LaTeX manual or LaTeX Companion for explanation.
Type  H <return>  for immediate help.
 ...                                              
                                                  
l.4 ... —Å –ø—Ä–∏–Ω—Ü–∏–ø–∞–º–∏ —Ñ—É–Ω–∫—Ü–∏–æ–Ω–∏
                                                  —Ä–æ–≤–∞–Ω–∏—è, –ø–æ—Å—Ç—Ä...

You may provide a definition with
\DeclareUnicodeCharacter 


! LaTeX Error: Unicode character —Ä (U+0440)
               not set up for use with LaTeX.

See the LaTeX manual or LaTeX Companion for explanation.
Type  H <return>  for immediate help.
 ...                                              
                                                  
l.4 ...Å –ø—Ä–∏–Ω—Ü–∏–ø–∞–º–∏ —Ñ—É–Ω–∫—Ü–∏–æ–Ω–∏—Ä
                                                  –æ–≤–∞–Ω–∏—è, –ø–æ—Å—Ç—Ä–æ...

You may provide a definition with
\DeclareUnicodeCharacter 


! LaTeX Error: Unicode character –æ (U+043E)
               not set up for use with LaTeX.

See the LaTeX manual or LaTeX Companion for explanation.
Type  H <return>  for immediate help.
 ...                                              
                                                  
l.4 ...–ø—Ä–∏–Ω—Ü–∏–ø–∞–º–∏ —Ñ—É–Ω–∫—Ü–∏–æ–Ω–∏—Ä–æ
                                                  –≤–∞–Ω–∏—è, –ø–æ—Å—Ç—Ä–æ–µ...

You may provide a definition with
\DeclareUnicodeCharacter 


! LaTeX Error: Unicode character –≤ (U+0432)
               not set up for use with LaTeX.

See the LaTeX manual or LaTeX Companion for explanation.
Type  H <return>  for immediate help.
 ...                                              
                                                  
l.4 ...—Ä–∏–Ω—Ü–∏–ø–∞–º–∏ —Ñ—É–Ω–∫—Ü–∏–æ–Ω–∏—Ä–æ–≤
                                                  –∞–Ω–∏—è, –ø–æ—Å—Ç—Ä–æ–µ–Ω...

You may provide a definition with
\DeclareUnicodeCharacter 


! LaTeX Error: Unicode character –∞ (U+0430)
               not set up for use with LaTeX.

See the LaTeX manual or LaTeX Companion for explanation.
Type  H <return>  for immediate help.
 ...                                              
                                                  
l.4 ...–∏–Ω—Ü–∏–ø–∞–º–∏ —Ñ—É–Ω–∫—Ü–∏–æ–Ω–∏—Ä–æ–≤–∞
                                                  –Ω–∏—è, –ø–æ—Å—Ç—Ä–æ–µ–Ω–∏...

You may provide a definition with
\DeclareUnicodeCharacter 


! LaTeX Error: Unicode character –Ω (U+043D)
               not set up for use with LaTeX.

See the LaTeX manual or LaTeX Companion for explanation.
Type  H <return>  for immediate help.
 ...                                              
                                                  
l.4 ...–Ω—Ü–∏–ø–∞–º–∏ —Ñ—É–Ω–∫—Ü–∏–æ–Ω–∏—Ä–æ–≤–∞–Ω
                                                  –∏—è, –ø–æ—Å—Ç—Ä–æ–µ–Ω–∏—è...

You may provide a definition with
\DeclareUnicodeCharacter 


! LaTeX Error: Unicode character –∏ (U+0438)
               not set up for use with LaTeX.

See the LaTeX manual or LaTeX Companion for explanation.
Type  H <return>  for immediate help.
 ...                                              
                                                  
l.4 ...—Ü–∏–ø–∞–º–∏ —Ñ—É–Ω–∫—Ü–∏–æ–Ω–∏—Ä–æ–≤–∞–Ω–∏
                                                  —è, –ø–æ—Å—Ç—Ä–æ–µ–Ω–∏—è –...

You may provide a definition with
\DeclareUnicodeCharacter 


! LaTeX Error: Unicode character —è (U+044F)
               not set up for use with LaTeX.

See the LaTeX manual or LaTeX Companion for explanation.
Type  H <return>  for immediate help.
 ...                                              
                                                  
l.4 ...–∏–ø–∞–º–∏ —Ñ—É–Ω–∫—Ü–∏–æ–Ω–∏—Ä–æ–≤–∞–Ω–∏—è
                                                  , –ø–æ—Å—Ç—Ä–æ–µ–Ω–∏—è –∏ ...

You may provide a definition with
\DeclareUnicodeCharacter 


! LaTeX Error: Missing \begin{document}.

See the LaTeX manual or LaTeX Companion for explanation.
Type  H <return>  for immediate help.
 ...                                              
                                                  
l.4 ...∏–ø–∞–º–∏ —Ñ—É–Ω–∫—Ü–∏–æ–Ω–∏—Ä–æ–≤–∞–Ω–∏—è,
                                                   –ø–æ—Å—Ç—Ä–æ–µ–Ω–∏—è –∏ –...

You're in trouble here.  Try typing  <return>  to proceed.
If that doesn't work, type  X <return>  to quit.

Missing character: There is no , in font nullfont!

! LaTeX Error: Unicode character –ø (U+043F)
               not set up for use with LaTeX.

See the LaTeX manual or LaTeX Companion for explanation.
Type  H <return>  for immediate help.
 ...                                              
                                                  
l.4 ...–∞–º–∏ —Ñ—É–Ω–∫—Ü–∏–æ–Ω–∏—Ä–æ–≤–∞–Ω–∏—è, –ø
                                                  –æ—Å—Ç—Ä–æ–µ–Ω–∏—è –∏ –æ—Å...

You may provide a definition with
\DeclareUnicodeCharacter 


! LaTeX Error: Unicode character –æ (U+043E)
               not set up for use with LaTeX.

See the LaTeX manual or LaTeX Companion for explanation.
Type  H <return>  for immediate help.
 ...                                              
                                                  
l.4 ...–º–∏ —Ñ—É–Ω–∫—Ü–∏–æ–Ω–∏—Ä–æ–≤–∞–Ω–∏—è, –ø–æ
                                                  —Å—Ç—Ä–æ–µ–Ω–∏—è –∏ –æ—Å–æ...

You may provide a definition with
\DeclareUnicodeCharacter 


! LaTeX Error: Unicode character —Å (U+0441)
               not set up for use with LaTeX.

See the LaTeX manual or LaTeX Companion for explanation.
Type  H <return>  for immediate help.
 ...                                              
                                                  
l.4 ...–∏ —Ñ—É–Ω–∫—Ü–∏–æ–Ω–∏—Ä–æ–≤–∞–Ω–∏—è, –ø–æ—Å
                                                  —Ç—Ä–æ–µ–Ω–∏—è –∏ –æ—Å–æ–±...

You may provide a definition with
\DeclareUnicodeCharacter 


! LaTeX Error: Unicode character —Ç (U+0442)
               not set up for use with LaTeX.

See the LaTeX manual or LaTeX Companion for explanation.
Type  H <return>  for immediate help.
 ...                                              
                                                  
l.4 ... —Ñ—É–Ω–∫—Ü–∏–æ–Ω–∏—Ä–æ–≤–∞–Ω–∏—è, –ø–æ—Å—Ç
                                                  —Ä–æ–µ–Ω–∏—è –∏ –æ—Å–æ–±–µ...

You may provide a definition with
\DeclareUnicodeCharacter 


! LaTeX Error: Unicode character —Ä (U+0440)
               not set up for use with LaTeX.

See the LaTeX manual or LaTeX Companion for explanation.
Type  H <return>  for immediate help.
 ...                                              
                                                  
l.4 ...Ñ—É–Ω–∫—Ü–∏–æ–Ω–∏—Ä–æ–≤–∞–Ω–∏—è, –ø–æ—Å—Ç—Ä
                                                  –æ–µ–Ω–∏—è –∏ –æ—Å–æ–±–µ–Ω...

You may provide a definition with
\DeclareUnicodeCharacter 


! LaTeX Error: Unicode character –æ (U+043E)
               not set up for use with LaTeX.

See the LaTeX manual or LaTeX Companion for explanation.
Type  H <return>  for immediate help.
 ...                                              
                                                  
l.4 ...É–Ω–∫—Ü–∏–æ–Ω–∏—Ä–æ–≤–∞–Ω–∏—è, –ø–æ—Å—Ç—Ä–æ
                                                  –µ–Ω–∏—è –∏ –æ—Å–æ–±–µ–Ω–Ω...

You may provide a definition with
\DeclareUnicodeCharacter 


! LaTeX Error: Unicode character –µ (U+0435)
               not set up for use with LaTeX.

See the LaTeX manual or LaTeX Companion for explanation.
Type  H <return>  for immediate help.
 ...                                              
                                                  
l.4 ...Ω–∫—Ü–∏–æ–Ω–∏—Ä–æ–≤–∞–Ω–∏—è, –ø–æ—Å—Ç—Ä–æ–µ
                                                  –Ω–∏—è –∏ –æ—Å–æ–±–µ–Ω–Ω–æ...

You may provide a definition with
\DeclareUnicodeCharacter 


! LaTeX Error: Unicode character –Ω (U+043D)
               not set up for use with LaTeX.

See the LaTeX manual or LaTeX Companion for explanation.
Type  H <return>  for immediate help.
 ...                                              
                                                  
l.4 ...∫—Ü–∏–æ–Ω–∏—Ä–æ–≤–∞–Ω–∏—è, –ø–æ—Å—Ç—Ä–æ–µ–Ω
                                                  –∏—è –∏ –æ—Å–æ–±–µ–Ω–Ω–æ—Å...

You may provide a definition with
\DeclareUnicodeCharacter 


! LaTeX Error: Unicode character –∏ (U+0438)
               not set up for use with LaTeX.

See the LaTeX manual or LaTeX Companion for explanation.
Type  H <return>  for immediate help.
 ...                                              
                                                  
l.4 ...Ü–∏–æ–Ω–∏—Ä–æ–≤–∞–Ω–∏—è, –ø–æ—Å—Ç—Ä–æ–µ–Ω–∏
                                                  —è –∏ –æ—Å–æ–±–µ–Ω–Ω–æ—Å—Ç...

You may provide a definition with
\DeclareUnicodeCharacter 


! LaTeX Error: Unicode character —è (U+044F)
               not set up for use with LaTeX.

See the LaTeX manual or LaTeX Companion for explanation.
Type  H <return>  for immediate help.
 ...                                              
                                                  
l.4 ...∏–æ–Ω–∏—Ä–æ–≤–∞–Ω–∏—è, –ø–æ—Å—Ç—Ä–æ–µ–Ω–∏—è
                                                   –∏ –æ—Å–æ–±–µ–Ω–Ω–æ—Å—Ç—è...

You may provide a definition with
\DeclareUnicodeCharacter 


! LaTeX Error: Unicode character –∏ (U+0438)
               not set up for use with LaTeX.

See the LaTeX manual or LaTeX Companion for explanation.
Type  H <return>  for immediate help.
 ...                                              
                                                  
l.4 ...–Ω–∏—Ä–æ–≤–∞–Ω–∏—è, –ø–æ—Å—Ç—Ä–æ–µ–Ω–∏—è –∏
                                                   –æ—Å–æ–±–µ–Ω–Ω–æ—Å—Ç—è–º–...

You may provide a definition with
\DeclareUnicodeCharacter 


! LaTeX Error: Unicode character –æ (U+043E)
               not set up for use with LaTeX.

See the LaTeX manual or LaTeX Companion for explanation.
Type  H <return>  for immediate help.
 ...                                              
                                                  
l.4 ...∏—Ä–æ–≤–∞–Ω–∏—è, –ø–æ—Å—Ç—Ä–æ–µ–Ω–∏—è –∏ –æ
                                                  —Å–æ–±–µ–Ω–Ω–æ—Å—Ç—è–º–∏ –...

You may provide a definition with
\DeclareUnicodeCharacter 


! LaTeX Error: Unicode character —Å (U+0441)
               not set up for use with LaTeX.

See the LaTeX manual or LaTeX Companion for explanation.
Type  H <return>  for immediate help.
 ...                                              
                                                  
l.4 ...Ä–æ–≤–∞–Ω–∏—è, –ø–æ—Å—Ç—Ä–æ–µ–Ω–∏—è –∏ –æ—Å
                                                  –æ–±–µ–Ω–Ω–æ—Å—Ç—è–º–∏ –∞—...

You may provide a definition with
\DeclareUnicodeCharacter 


! LaTeX Error: Unicode character –æ (U+043E)
               not set up for use with LaTeX.

See the LaTeX manual or LaTeX Companion for explanation.
Type  H <return>  for immediate help.
 ...                                              
                                                  
l.4 ...æ–≤–∞–Ω–∏—è, –ø–æ—Å—Ç—Ä–æ–µ–Ω–∏—è –∏ –æ—Å–æ
                                                  –±–µ–Ω–Ω–æ—Å—Ç—è–º–∏ –∞—Ä—...

You may provide a definition with
\DeclareUnicodeCharacter 


! LaTeX Error: Unicode character –± (U+0431)
               not set up for use with LaTeX.

See the LaTeX manual or LaTeX Companion for explanation.
Type  H <return>  for immediate help.
 ...                                              
                                                  
l.4 ...≤–∞–Ω–∏—è, –ø–æ—Å—Ç—Ä–æ–µ–Ω–∏—è –∏ –æ—Å–æ–±
                                                  –µ–Ω–Ω–æ—Å—Ç—è–º–∏ –∞—Ä—Ö–...

You may provide a definition with
\DeclareUnicodeCharacter 


! LaTeX Error: Unicode character –µ (U+0435)
               not set up for use with LaTeX.

See the LaTeX manual or LaTeX Companion for explanation.
Type  H <return>  for immediate help.
 ...                                              
                                                  
l.4 ...∞–Ω–∏—è, –ø–æ—Å—Ç—Ä–æ–µ–Ω–∏—è –∏ –æ—Å–æ–±–µ
                                                  –Ω–Ω–æ—Å—Ç—è–º–∏ –∞—Ä—Ö–∏—...

You may provide a definition with
\DeclareUnicodeCharacter 


! LaTeX Error: Unicode character –Ω (U+043D)
               not set up for use with LaTeX.

See the LaTeX manual or LaTeX Companion for explanation.
Type  H <return>  for immediate help.
 ...                                              
                                                  
l.4 ...Ω–∏—è, –ø–æ—Å—Ç—Ä–æ–µ–Ω–∏—è –∏ –æ—Å–æ–±–µ–Ω
                                                  –Ω–æ—Å—Ç—è–º–∏ –∞—Ä—Ö–∏—Ç–...

You may provide a definition with
\DeclareUnicodeCharacter 


! LaTeX Error: Unicode character –Ω (U+043D)
               not set up for use with LaTeX.

See the LaTeX manual or LaTeX Companion for explanation.
Type  H <return>  for immediate help.
 ...                                              
                                                  
l.4 ...∏—è, –ø–æ—Å—Ç—Ä–æ–µ–Ω–∏—è –∏ –æ—Å–æ–±–µ–Ω–Ω
                                                  –æ—Å—Ç—è–º–∏ –∞—Ä—Ö–∏—Ç–µ–...

You may provide a definition with
\DeclareUnicodeCharacter 


! LaTeX Error: Unicode character –æ (U+043E)
               not set up for use with LaTeX.

See the LaTeX manual or LaTeX Companion for explanation.
Type  H <return>  for immediate help.
 ...                                              
                                                  
l.4 ...è, –ø–æ—Å—Ç—Ä–æ–µ–Ω–∏—è –∏ –æ—Å–æ–±–µ–Ω–Ω–æ
                                                  —Å—Ç—è–º–∏ –∞—Ä—Ö–∏—Ç–µ–∫—...

You may provide a definition with
\DeclareUnicodeCharacter 


! LaTeX Error: Unicode character —Å (U+0441)
               not set up for use with LaTeX.

See the LaTeX manual or LaTeX Companion for explanation.
Type  H <return>  for immediate help.
 ...                                              
                                                  
l.4 ... –ø–æ—Å—Ç—Ä–æ–µ–Ω–∏—è –∏ –æ—Å–æ–±–µ–Ω–Ω–æ—Å
                                                  —Ç—è–º–∏ –∞—Ä—Ö–∏—Ç–µ–∫—Ç—...

You may provide a definition with
\DeclareUnicodeCharacter 


! LaTeX Error: Unicode character —Ç (U+0442)
               not set up for use with LaTeX.

See the LaTeX manual or LaTeX Companion for explanation.
Type  H <return>  for immediate help.
 ...                                              
                                                  
l.4 ...ø–æ—Å—Ç—Ä–æ–µ–Ω–∏—è –∏ –æ—Å–æ–±–µ–Ω–Ω–æ—Å—Ç
                                                  —è–º–∏ –∞—Ä—Ö–∏—Ç–µ–∫—Ç—É—...

You may provide a definition with
\DeclareUnicodeCharacter 


! LaTeX Error: Unicode character —è (U+044F)
               not set up for use with LaTeX.

See the LaTeX manual or LaTeX Companion for explanation.
Type  H <return>  for immediate help.
 ...                                              
                                                  
l.4 ...æ—Å—Ç—Ä–æ–µ–Ω–∏—è –∏ –æ—Å–æ–±–µ–Ω–Ω–æ—Å—Ç—è
                                                  –º–∏ –∞—Ä—Ö–∏—Ç–µ–∫—Ç—É—Ä—...

You may provide a definition with
\DeclareUnicodeCharacter 


! LaTeX Error: Unicode character –º (U+043C)
               not set up for use with LaTeX.

See the LaTeX manual or LaTeX Companion for explanation.
Type  H <return>  for immediate help.
 ...                                              
                                                  
l.4 ...Å—Ç—Ä–æ–µ–Ω–∏—è –∏ –æ—Å–æ–±–µ–Ω–Ω–æ—Å—Ç—è–º
                                                  –∏ –∞—Ä—Ö–∏—Ç–µ–∫—Ç—É—Ä—ã ...

You may provide a definition with
\DeclareUnicodeCharacter 


! LaTeX Error: Unicode character –∏ (U+0438)
               not set up for use with LaTeX.

See the LaTeX manual or LaTeX Companion for explanation.
Type  H <return>  for immediate help.
 ...                                              
                                                  
l.4 ...Ç—Ä–æ–µ–Ω–∏—è –∏ –æ—Å–æ–±–µ–Ω–Ω–æ—Å—Ç—è–º–∏
                                                   –∞—Ä—Ö–∏—Ç–µ–∫—Ç—É—Ä—ã —Å...

You may provide a definition with
\DeclareUnicodeCharacter 


! LaTeX Error: Unicode character –∞ (U+0430)
               not set up for use with LaTeX.

See the LaTeX manual or LaTeX Companion for explanation.
Type  H <return>  for immediate help.
 ...                                              
                                                  
l.4 ...–æ–µ–Ω–∏—è –∏ –æ—Å–æ–±–µ–Ω–Ω–æ—Å—Ç—è–º–∏ –∞
                                                  —Ä—Ö–∏—Ç–µ–∫—Ç—É—Ä—ã —Å—É–...

You may provide a definition with
\DeclareUnicodeCharacter 


! LaTeX Error: Unicode character —Ä (U+0440)
               not set up for use with LaTeX.

See the LaTeX manual or LaTeX Companion for explanation.
Type  H <return>  for immediate help.
 ...                                              
                                                  
l.4 ...–µ–Ω–∏—è –∏ –æ—Å–æ–±–µ–Ω–Ω–æ—Å—Ç—è–º–∏ –∞—Ä
                                                  —Ö–∏—Ç–µ–∫—Ç—É—Ä—ã —Å—É–ø–...

You may provide a definition with
\DeclareUnicodeCharacter 


! LaTeX Error: Unicode character —Ö (U+0445)
               not set up for use with LaTeX.

See the LaTeX manual or LaTeX Companion for explanation.
Type  H <return>  for immediate help.
 ...                                              
                                                  
l.4 ...–Ω–∏—è –∏ –æ—Å–æ–±–µ–Ω–Ω–æ—Å—Ç—è–º–∏ –∞—Ä—Ö
                                                  –∏—Ç–µ–∫—Ç—É—Ä—ã —Å—É–ø–µ—...

You may provide a definition with
\DeclareUnicodeCharacter 


! LaTeX Error: Unicode character –∏ (U+0438)
               not set up for use with LaTeX.

See the LaTeX manual or LaTeX Companion for explanation.
Type  H <return>  for immediate help.
 ...                                              
                                                  
l.4 ...–∏—è –∏ –æ—Å–æ–±–µ–Ω–Ω–æ—Å—Ç—è–º–∏ –∞—Ä—Ö–∏
                                                  —Ç–µ–∫—Ç—É—Ä—ã —Å—É–ø–µ—Ä—...

You may provide a definition with
\DeclareUnicodeCharacter 


! LaTeX Error: Unicode character —Ç (U+0442)
               not set up for use with LaTeX.

See the LaTeX manual or LaTeX Companion for explanation.
Type  H <return>  for immediate help.
 ...                                              
                                                  
l.4 ...—è –∏ –æ—Å–æ–±–µ–Ω–Ω–æ—Å—Ç—è–º–∏ –∞—Ä—Ö–∏—Ç
                                                  –µ–∫—Ç—É—Ä—ã —Å—É–ø–µ—Ä—Å–...

You may provide a definition with
\DeclareUnicodeCharacter 


! LaTeX Error: Unicode character –µ (U+0435)
               not set up for use with LaTeX.

See the LaTeX manual or LaTeX Companion for explanation.
Type  H <return>  for immediate help.
 ...                                              
                                                  
l.4 ... –∏ –æ—Å–æ–±–µ–Ω–Ω–æ—Å—Ç—è–º–∏ –∞—Ä—Ö–∏—Ç–µ
                                                  –∫—Ç—É—Ä—ã —Å—É–ø–µ—Ä—Å–∫–...

You may provide a definition with
\DeclareUnicodeCharacter 


! LaTeX Error: Unicode character –∫ (U+043A)
               not set up for use with LaTeX.

See the LaTeX manual or LaTeX Companion for explanation.
Type  H <return>  for immediate help.
 ...                                              
                                                  
l.4 ...∏ –æ—Å–æ–±–µ–Ω–Ω–æ—Å—Ç—è–º–∏ –∞—Ä—Ö–∏—Ç–µ–∫
                                                  —Ç—É—Ä—ã —Å—É–ø–µ—Ä—Å–∫–∞–...

You may provide a definition with
\DeclareUnicodeCharacter 


! LaTeX Error: Unicode character —Ç (U+0442)
               not set up for use with LaTeX.

See the LaTeX manual or LaTeX Companion for explanation.
Type  H <return>  for immediate help.
 ...                                              
                                                  
l.4 ...–æ—Å–æ–±–µ–Ω–Ω–æ—Å—Ç—è–º–∏ –∞—Ä—Ö–∏—Ç–µ–∫—Ç
                                                  —É—Ä—ã —Å—É–ø–µ—Ä—Å–∫–∞–ª—...

You may provide a definition with
\DeclareUnicodeCharacter 


! LaTeX Error: Unicode character —É (U+0443)
               not set up for use with LaTeX.

See the LaTeX manual or LaTeX Companion for explanation.
Type  H <return>  for immediate help.
 ...                                              
                                                  
l.4 ...—Å–æ–±–µ–Ω–Ω–æ—Å—Ç—è–º–∏ –∞—Ä—Ö–∏—Ç–µ–∫—Ç—É
                                                  —Ä—ã —Å—É–ø–µ—Ä—Å–∫–∞–ª—è—...

You may provide a definition with
\DeclareUnicodeCharacter 


! LaTeX Error: Unicode character —Ä (U+0440)
               not set up for use with LaTeX.

See the LaTeX manual or LaTeX Companion for explanation.
Type  H <return>  for immediate help.
 ...                                              
                                                  
l.4 ...–æ–±–µ–Ω–Ω–æ—Å—Ç—è–º–∏ –∞—Ä—Ö–∏—Ç–µ–∫—Ç—É—Ä
                                                  —ã —Å—É–ø–µ—Ä—Å–∫–∞–ª—è—Ä–...

You may provide a definition with
\DeclareUnicodeCharacter 


! LaTeX Error: Unicode character —ã (U+044B)
               not set up for use with LaTeX.

See the LaTeX manual or LaTeX Companion for explanation.
Type  H <return>  for immediate help.
 ...                                              
                                                  
l.4 ...–±–µ–Ω–Ω–æ—Å—Ç—è–º–∏ –∞—Ä—Ö–∏—Ç–µ–∫—Ç—É—Ä—ã
                                                   —Å—É–ø–µ—Ä—Å–∫–∞–ª—è—Ä–Ω—...

You may provide a definition with
\DeclareUnicodeCharacter 


! LaTeX Error: Unicode character —Å (U+0441)
               not set up for use with LaTeX.

See the LaTeX manual or LaTeX Companion for explanation.
Type  H <return>  for immediate help.
 ...                                              
                                                  
l.4 ...µ–Ω–Ω–æ—Å—Ç—è–º–∏ –∞—Ä—Ö–∏—Ç–µ–∫—Ç—É—Ä—ã —Å
                                                  —É–ø–µ—Ä—Å–∫–∞–ª—è—Ä–Ω—ã—Ö...

You may provide a definition with
\DeclareUnicodeCharacter 


! LaTeX Error: Unicode character —É (U+0443)
               not set up for use with LaTeX.

See the LaTeX manual or LaTeX Companion for explanation.
Type  H <return>  for immediate help.
 ...                                              
                                                  
l.4 ...Ω–Ω–æ—Å—Ç—è–º–∏ –∞—Ä—Ö–∏—Ç–µ–∫—Ç—É—Ä—ã —Å—É
                                                  –ø–µ—Ä—Å–∫–∞–ª—è—Ä–Ω—ã—Ö –...

You may provide a definition with
\DeclareUnicodeCharacter 


! LaTeX Error: Unicode character –ø (U+043F)
               not set up for use with LaTeX.

See the LaTeX manual or LaTeX Companion for explanation.
Type  H <return>  for immediate help.
 ...                                              
                                                  
l.4 ...Ω–æ—Å—Ç—è–º–∏ –∞—Ä—Ö–∏—Ç–µ–∫—Ç—É—Ä—ã —Å—É–ø
                                                  –µ—Ä—Å–∫–∞–ª—è—Ä–Ω—ã—Ö –∫–...

You may provide a definition with
\DeclareUnicodeCharacter 


! LaTeX Error: Unicode character –µ (U+0435)
               not set up for use with LaTeX.

See the LaTeX manual or LaTeX Companion for explanation.
Type  H <return>  for immediate help.
 ...                                              
                                                  
l.4 ...æ—Å—Ç—è–º–∏ –∞—Ä—Ö–∏—Ç–µ–∫—Ç—É—Ä—ã —Å—É–ø–µ
                                                  —Ä—Å–∫–∞–ª—è—Ä–Ω—ã—Ö –∫–æ–...

You may provide a definition with
\DeclareUnicodeCharacter 


! LaTeX Error: Unicode character —Ä (U+0440)
               not set up for use with LaTeX.

See the LaTeX manual or LaTeX Companion for explanation.
Type  H <return>  for immediate help.
 ...                                              
                                                  
l.4 ...Å—Ç—è–º–∏ –∞—Ä—Ö–∏—Ç–µ–∫—Ç—É—Ä—ã —Å—É–ø–µ—Ä
                                                  —Å–∫–∞–ª—è—Ä–Ω—ã—Ö –∫–æ–Ω–...

You may provide a definition with
\DeclareUnicodeCharacter 


! LaTeX Error: Unicode character —Å (U+0441)
               not set up for use with LaTeX.

See the LaTeX manual or LaTeX Companion for explanation.
Type  H <return>  for immediate help.
 ...                                              
                                                  
l.4 ...Ç—è–º–∏ –∞—Ä—Ö–∏—Ç–µ–∫—Ç—É—Ä—ã —Å—É–ø–µ—Ä—Å
                                                  –∫–∞–ª—è—Ä–Ω—ã—Ö –∫–æ–Ω–≤–...

You may provide a definition with
\DeclareUnicodeCharacter 


! LaTeX Error: Unicode character –∫ (U+043A)
               not set up for use with LaTeX.

See the LaTeX manual or LaTeX Companion for explanation.
Type  H <return>  for immediate help.
 ...                                              
                                                  
l.4 ...è–º–∏ –∞—Ä—Ö–∏—Ç–µ–∫—Ç—É—Ä—ã —Å—É–ø–µ—Ä—Å–∫
                                                  –∞–ª—è—Ä–Ω—ã—Ö –∫–æ–Ω–≤–µ–...

You may provide a definition with
\DeclareUnicodeCharacter 


! LaTeX Error: Unicode character –∞ (U+0430)
               not set up for use with LaTeX.

See the LaTeX manual or LaTeX Companion for explanation.
Type  H <return>  for immediate help.
 ...                                              
                                                  
l.4 ...º–∏ –∞—Ä—Ö–∏—Ç–µ–∫—Ç—É—Ä—ã —Å—É–ø–µ—Ä—Å–∫–∞
                                                  –ª—è—Ä–Ω—ã—Ö –∫–æ–Ω–≤–µ–π–...

You may provide a definition with
\DeclareUnicodeCharacter 


! LaTeX Error: Unicode character –ª (U+043B)
               not set up for use with LaTeX.

See the LaTeX manual or LaTeX Companion for explanation.
Type  H <return>  for immediate help.
 ...                                              
                                                  
l.4 ...∏ –∞—Ä—Ö–∏—Ç–µ–∫—Ç—É—Ä—ã —Å—É–ø–µ—Ä—Å–∫–∞–ª
                                                  —è—Ä–Ω—ã—Ö –∫–æ–Ω–≤–µ–π–µ—...

You may provide a definition with
\DeclareUnicodeCharacter 


! LaTeX Error: Unicode character —è (U+044F)
               not set up for use with LaTeX.

See the LaTeX manual or LaTeX Companion for explanation.
Type  H <return>  for immediate help.
 ...                                              
                                                  
l.4 ...–∞—Ä—Ö–∏—Ç–µ–∫—Ç—É—Ä—ã —Å—É–ø–µ—Ä—Å–∫–∞–ª—è
                                                  —Ä–Ω—ã—Ö –∫–æ–Ω–≤–µ–π–µ—Ä–...

You may provide a definition with
\DeclareUnicodeCharacter 


! LaTeX Error: Unicode character —Ä (U+0440)
               not set up for use with LaTeX.

See the LaTeX manual or LaTeX Companion for explanation.
Type  H <return>  for immediate help.
 ...                                              
                                                  
l.4 ...—Ä—Ö–∏—Ç–µ–∫—Ç—É—Ä—ã —Å—É–ø–µ—Ä—Å–∫–∞–ª—è—Ä
                                                  –Ω—ã—Ö –∫–æ–Ω–≤–µ–π–µ—Ä–Ω—...

You may provide a definition with
\DeclareUnicodeCharacter 


! LaTeX Error: Unicode character –Ω (U+043D)
               not set up for use with LaTeX.

See the LaTeX manual or LaTeX Companion for explanation.
Type  H <return>  for immediate help.
 ...                                              
                                                  
l.4 ...—Ö–∏—Ç–µ–∫—Ç—É—Ä—ã —Å—É–ø–µ—Ä—Å–∫–∞–ª—è—Ä–Ω
                                                  —ã—Ö –∫–æ–Ω–≤–µ–π–µ—Ä–Ω—ã—...

You may provide a definition with
\DeclareUnicodeCharacter 


! LaTeX Error: Unicode character —ã (U+044B)
               not set up for use with LaTeX.

See the LaTeX manual or LaTeX Companion for explanation.
Type  H <return>  for immediate help.
 ...                                              
                                                  
l.4 ...–∏—Ç–µ–∫—Ç—É—Ä—ã —Å—É–ø–µ—Ä—Å–∫–∞–ª—è—Ä–Ω—ã
                                                  —Ö –∫–æ–Ω–≤–µ–π–µ—Ä–Ω—ã—Ö ...

You may provide a definition with
\DeclareUnicodeCharacter 


! LaTeX Error: Unicode character —Ö (U+0445)
               not set up for use with LaTeX.

See the LaTeX manual or LaTeX Companion for explanation.
Type  H <return>  for immediate help.
 ...                                              
                                                  
l.4 ...—Ç–µ–∫—Ç—É—Ä—ã —Å—É–ø–µ—Ä—Å–∫–∞–ª—è—Ä–Ω—ã—Ö
                                                   –∫–æ–Ω–≤–µ–π–µ—Ä–Ω—ã—Ö –º...

You may provide a definition with
\DeclareUnicodeCharacter 


! LaTeX Error: Unicode character –∫ (U+043A)
               not set up for use with LaTeX.

See the LaTeX manual or LaTeX Companion for explanation.
Type  H <return>  for immediate help.
 ...                                              
                                                  
l.4 ...µ–∫—Ç—É—Ä—ã —Å—É–ø–µ—Ä—Å–∫–∞–ª—è—Ä–Ω—ã—Ö –∫
                                                  –æ–Ω–≤–µ–π–µ—Ä–Ω—ã—Ö –º–∏–...

You may provide a definition with
\DeclareUnicodeCharacter 


! LaTeX Error: Unicode character –æ (U+043E)
               not set up for use with LaTeX.

See the LaTeX manual or LaTeX Companion for explanation.
Type  H <return>  for immediate help.
 ...                                              
                                                  
l.4 ...∫—Ç—É—Ä—ã —Å—É–ø–µ—Ä—Å–∫–∞–ª—è—Ä–Ω—ã—Ö –∫–æ
                                                  –Ω–≤–µ–π–µ—Ä–Ω—ã—Ö –º–∏–∫—...

You may provide a definition with
\DeclareUnicodeCharacter 


! LaTeX Error: Unicode character –Ω (U+043D)
               not set up for use with LaTeX.

See the LaTeX manual or LaTeX Companion for explanation.
Type  H <return>  for immediate help.
 ...                                              
                                                  
l.4 ...Ç—É—Ä—ã —Å—É–ø–µ—Ä—Å–∫–∞–ª—è—Ä–Ω—ã—Ö –∫–æ–Ω
                                                  –≤–µ–π–µ—Ä–Ω—ã—Ö –º–∏–∫—Ä–...

You may provide a definition with
\DeclareUnicodeCharacter 


! LaTeX Error: Unicode character –≤ (U+0432)
               not set up for use with LaTeX.

See the LaTeX manual or LaTeX Companion for explanation.
Type  H <return>  for immediate help.
 ...                                              
                                                  
l.4 ...É—Ä—ã —Å—É–ø–µ—Ä—Å–∫–∞–ª—è—Ä–Ω—ã—Ö –∫–æ–Ω–≤
                                                  –µ–π–µ—Ä–Ω—ã—Ö –º–∏–∫—Ä–æ–...

You may provide a definition with
\DeclareUnicodeCharacter 


! LaTeX Error: Unicode character –µ (U+0435)
               not set up for use with LaTeX.

See the LaTeX manual or LaTeX Companion for explanation.
Type  H <return>  for immediate help.
 ...                                              
                                                  
l.4 ...Ä—ã —Å—É–ø–µ—Ä—Å–∫–∞–ª—è—Ä–Ω—ã—Ö –∫–æ–Ω–≤–µ
                                                  –π–µ—Ä–Ω—ã—Ö –º–∏–∫—Ä–æ–ø—...

You may provide a definition with
\DeclareUnicodeCharacter 


! LaTeX Error: Unicode character –π (U+0439)
               not set up for use with LaTeX.

See the LaTeX manual or LaTeX Companion for explanation.
Type  H <return>  for immediate help.
 ...                                              
                                                  
l.4 ...ã —Å—É–ø–µ—Ä—Å–∫–∞–ª—è—Ä–Ω—ã—Ö –∫–æ–Ω–≤–µ–π
                                                  –µ—Ä–Ω—ã—Ö –º–∏–∫—Ä–æ–ø—Ä–...

You may provide a definition with
\DeclareUnicodeCharacter 


! LaTeX Error: Unicode character –µ (U+0435)
               not set up for use with LaTeX.

See the LaTeX manual or LaTeX Companion for explanation.
Type  H <return>  for immediate help.
 ...                                              
                                                  
l.4 ...—Å—É–ø–µ—Ä—Å–∫–∞–ª—è—Ä–Ω—ã—Ö –∫–æ–Ω–≤–µ–π–µ
                                                  —Ä–Ω—ã—Ö –º–∏–∫—Ä–æ–ø—Ä–æ—...

You may provide a definition with
\DeclareUnicodeCharacter 


! LaTeX Error: Unicode character —Ä (U+0440)
               not set up for use with LaTeX.

See the LaTeX manual or LaTeX Companion for explanation.
Type  H <return>  for immediate help.
 ...                                              
                                                  
l.4 ...—É–ø–µ—Ä—Å–∫–∞–ª—è—Ä–Ω—ã—Ö –∫–æ–Ω–≤–µ–π–µ—Ä
                                                  –Ω—ã—Ö –º–∏–∫—Ä–æ–ø—Ä–æ—Ü–...

You may provide a definition with
\DeclareUnicodeCharacter 


! LaTeX Error: Unicode character –Ω (U+043D)
               not set up for use with LaTeX.

See the LaTeX manual or LaTeX Companion for explanation.
Type  H <return>  for immediate help.
 ...                                              
                                                  
l.4 ...–ø–µ—Ä—Å–∫–∞–ª—è—Ä–Ω—ã—Ö –∫–æ–Ω–≤–µ–π–µ—Ä–Ω
                                                  —ã—Ö –º–∏–∫—Ä–æ–ø—Ä–æ—Ü–µ—...

You may provide a definition with
\DeclareUnicodeCharacter 


! LaTeX Error: Unicode character —ã (U+044B)
               not set up for use with LaTeX.

See the LaTeX manual or LaTeX Companion for explanation.
Type  H <return>  for immediate help.
 ...                                              
                                                  
l.4 ...–µ—Ä—Å–∫–∞–ª—è—Ä–Ω—ã—Ö –∫–æ–Ω–≤–µ–π–µ—Ä–Ω—ã
                                                  —Ö –º–∏–∫—Ä–æ–ø—Ä–æ—Ü–µ—Å—...

You may provide a definition with
\DeclareUnicodeCharacter 


! LaTeX Error: Unicode character —Ö (U+0445)
               not set up for use with LaTeX.

See the LaTeX manual or LaTeX Companion for explanation.
Type  H <return>  for immediate help.
 ...                                              
                                                  
l.4 ...—Ä—Å–∫–∞–ª—è—Ä–Ω—ã—Ö –∫–æ–Ω–≤–µ–π–µ—Ä–Ω—ã—Ö
                                                   –º–∏–∫—Ä–æ–ø—Ä–æ—Ü–µ—Å—Å–...

You may provide a definition with
\DeclareUnicodeCharacter 


! LaTeX Error: Unicode character –º (U+043C)
               not set up for use with LaTeX.

See the LaTeX manual or LaTeX Companion for explanation.
Type  H <return>  for immediate help.
 ...                                              
                                                  
l.4 ...Å–∫–∞–ª—è—Ä–Ω—ã—Ö –∫–æ–Ω–≤–µ–π–µ—Ä–Ω—ã—Ö –º
                                                  –∏–∫—Ä–æ–ø—Ä–æ—Ü–µ—Å—Å–æ—Ä...

You may provide a definition with
\DeclareUnicodeCharacter 


! LaTeX Error: Unicode character –∏ (U+0438)
               not set up for use with LaTeX.

See the LaTeX manual or LaTeX Companion for explanation.
Type  H <return>  for immediate help.
 ...                                              
                                                  
l.4 ...∫–∞–ª—è—Ä–Ω—ã—Ö –∫–æ–Ω–≤–µ–π–µ—Ä–Ω—ã—Ö –º–∏
                                                  –∫—Ä–æ–ø—Ä–æ—Ü–µ—Å—Å–æ—Ä–æ–≤.

You may provide a definition with
\DeclareUnicodeCharacter 


! LaTeX Error: Unicode character –∫ (U+043A)
               not set up for use with LaTeX.

See the LaTeX manual or LaTeX Companion for explanation.
Type  H <return>  for immediate help.
 ...                                              
                                                  
l.4 ...∞–ª—è—Ä–Ω—ã—Ö –∫–æ–Ω–≤–µ–π–µ—Ä–Ω—ã—Ö –º–∏–∫
                                                  —Ä–æ–ø—Ä–æ—Ü–µ—Å—Å–æ—Ä–æ–≤.
You may provide a definition with
\DeclareUnicodeCharacter 


! LaTeX Error: Unicode character —Ä (U+0440)
               not set up for use with LaTeX.

See the LaTeX manual or LaTeX Companion for explanation.
Type  H <return>  for immediate help.
 ...                                              
                                                  
l.4 ...ª—è—Ä–Ω—ã—Ö –∫–æ–Ω–≤–µ–π–µ—Ä–Ω—ã—Ö –º–∏–∫—Ä
                                                  –æ–ø—Ä–æ—Ü–µ—Å—Å–æ—Ä–æ–≤.
You may provide a definition with
\DeclareUnicodeCharacter 


! LaTeX Error: Unicode character –æ (U+043E)
               not set up for use with LaTeX.

See the LaTeX manual or LaTeX Companion for explanation.
Type  H <return>  for immediate help.
 ...                                              
                                                  
l.4 ...è—Ä–Ω—ã—Ö –∫–æ–Ω–≤–µ–π–µ—Ä–Ω—ã—Ö –º–∏–∫—Ä–æ
                                                  –ø—Ä–æ—Ü–µ—Å—Å–æ—Ä–æ–≤.
You may provide a definition with
\DeclareUnicodeCharacter 


! LaTeX Error: Unicode character –ø (U+043F)
               not set up for use with LaTeX.

See the LaTeX manual or LaTeX Companion for explanation.
Type  H <return>  for immediate help.
 ...                                              
                                                  
l.4 ...Ä–Ω—ã—Ö –∫–æ–Ω–≤–µ–π–µ—Ä–Ω—ã—Ö –º–∏–∫—Ä–æ–ø
                                                  —Ä–æ—Ü–µ—Å—Å–æ—Ä–æ–≤.
You may provide a definition with
\DeclareUnicodeCharacter 


! LaTeX Error: Unicode character —Ä (U+0440)
               not set up for use with LaTeX.

See the LaTeX manual or LaTeX Companion for explanation.
Type  H <return>  for immediate help.
 ...                                              
                                                  
l.4 ...Ω—ã—Ö –∫–æ–Ω–≤–µ–π–µ—Ä–Ω—ã—Ö –º–∏–∫—Ä–æ–ø—Ä
                                                  –æ—Ü–µ—Å—Å–æ—Ä–æ–≤.
You may provide a definition with
\DeclareUnicodeCharacter 


! LaTeX Error: Unicode character –æ (U+043E)
               not set up for use with LaTeX.

See the LaTeX manual or LaTeX Companion for explanation.
Type  H <return>  for immediate help.
 ...                                              
                                                  
l.4 ...ã—Ö –∫–æ–Ω–≤–µ–π–µ—Ä–Ω—ã—Ö –º–∏–∫—Ä–æ–ø—Ä–æ
                                                  —Ü–µ—Å—Å–æ—Ä–æ–≤.
You may provide a definition with
\DeclareUnicodeCharacter 


! LaTeX Error: Unicode character —Ü (U+0446)
               not set up for use with LaTeX.

See the LaTeX manual or LaTeX Companion for explanation.
Type  H <return>  for immediate help.
 ...                                              
                                                  
l.4 ...Ö –∫–æ–Ω–≤–µ–π–µ—Ä–Ω—ã—Ö –º–∏–∫—Ä–æ–ø—Ä–æ—Ü
                                                  –µ—Å—Å–æ—Ä–æ–≤.
You may provide a definition with
\DeclareUnicodeCharacter 


! LaTeX Error: Unicode character –µ (U+0435)
               not set up for use with LaTeX.

See the LaTeX manual or LaTeX Companion for explanation.
Type  H <return>  for immediate help.
 ...                                              
                                                  
l.4 ...–∫–æ–Ω–≤–µ–π–µ—Ä–Ω—ã—Ö –º–∏–∫—Ä–æ–ø—Ä–æ—Ü–µ
                                                  —Å—Å–æ—Ä–æ–≤.
You may provide a definition with
\DeclareUnicodeCharacter 


! LaTeX Error: Unicode character —Å (U+0441)
               not set up for use with LaTeX.

See the LaTeX manual or LaTeX Companion for explanation.
Type  H <return>  for immediate help.
 ...                                              
                                                  
l.4 ...–æ–Ω–≤–µ–π–µ—Ä–Ω—ã—Ö –º–∏–∫—Ä–æ–ø—Ä–æ—Ü–µ—Å
                                                  —Å–æ—Ä–æ–≤.
You may provide a definition with
\DeclareUnicodeCharacter 


! LaTeX Error: Unicode character —Å (U+0441)
               not set up for use with LaTeX.

See the LaTeX manual or LaTeX Companion for explanation.
Type  H <return>  for immediate help.
 ...                                              
                                                  
l.4 ...–Ω–≤–µ–π–µ—Ä–Ω—ã—Ö –º–∏–∫—Ä–æ–ø—Ä–æ—Ü–µ—Å—Å
                                                  –æ—Ä–æ–≤.
You may provide a definition with
\DeclareUnicodeCharacter 


! LaTeX Error: Unicode character –æ (U+043E)
               not set up for use with LaTeX.

See the LaTeX manual or LaTeX Companion for explanation.
Type  H <return>  for immediate help.
 ...                                              
                                                  
l.4 ...–≤–µ–π–µ—Ä–Ω—ã—Ö –º–∏–∫—Ä–æ–ø—Ä–æ—Ü–µ—Å—Å–æ
                                                  —Ä–æ–≤.
You may provide a definition with
\DeclareUnicodeCharacter 


! LaTeX Error: Unicode character —Ä (U+0440)
               not set up for use with LaTeX.

See the LaTeX manual or LaTeX Companion for explanation.
Type  H <return>  for immediate help.
 ...                                              
                                                  
l.4 ...–µ–π–µ—Ä–Ω—ã—Ö –º–∏–∫—Ä–æ–ø—Ä–æ—Ü–µ—Å—Å–æ—Ä
                                                  –æ–≤.
You may provide a definition with
\DeclareUnicodeCharacter 


! LaTeX Error: Unicode character –æ (U+043E)
               not set up for use with LaTeX.

See the LaTeX manual or LaTeX Companion for explanation.
Type  H <return>  for immediate help.
 ...                                              
                                                  
l.4 ...–π–µ—Ä–Ω—ã—Ö –º–∏–∫—Ä–æ–ø—Ä–æ—Ü–µ—Å—Å–æ—Ä–æ
                                                  –≤.
You may provide a definition with
\DeclareUnicodeCharacter 


! LaTeX Error: Unicode character –≤ (U+0432)
               not set up for use with LaTeX.

See the LaTeX manual or LaTeX Companion for explanation.
Type  H <return>  for immediate help.
 ...                                              
                                                  
l.4 ...–µ—Ä–Ω—ã—Ö –º–∏–∫—Ä–æ–ø—Ä–æ—Ü–µ—Å—Å–æ—Ä–æ–≤
                                                  .
You may provide a definition with
\DeclareUnicodeCharacter 

Missing character: There is no . in font nullfont!

! LaTeX Error: Unicode character –î (U+0414)
               not set up for use with LaTeX.

See the LaTeX manual or LaTeX Companion for explanation.
Type  H <return>  for immediate help.
 ...                                              
                                                  
l.5 –î
      –æ–ø–æ–ª–Ω–∏—Ç–µ–ª—å–Ω–æ–π —Ü–µ–ª—å—é —Ä–∞–±–æ—Ç—ã —è–≤–ª—è–µ—Ç—Å—è –∑...

You may provide a definition with
\DeclareUnicodeCharacter 


! LaTeX Error: Unicode character –æ (U+043E)
               not set up for use with LaTeX.

See the LaTeX manual or LaTeX Companion for explanation.
Type  H <return>  for immediate help.
 ...                                              
                                                  
l.5 –î–æ
        –ø–æ–ª–Ω–∏—Ç–µ–ª—å–Ω–æ–π —Ü–µ–ª—å—é —Ä–∞–±–æ—Ç—ã —è–≤–ª—è–µ—Ç—Å—è –∑...

You may provide a definition with
\DeclareUnicodeCharacter 


! LaTeX Error: Unicode character –ø (U+043F)
               not set up for use with LaTeX.

See the LaTeX manual or LaTeX Companion for explanation.
Type  H <return>  for immediate help.
 ...                                              
                                                  
l.5 –î–æ–ø
          –æ–ª–Ω–∏—Ç–µ–ª—å–Ω–æ–π —Ü–µ–ª—å—é —Ä–∞–±–æ—Ç—ã —è–≤–ª—è–µ—Ç—Å—è –∑...

You may provide a definition with
\DeclareUnicodeCharacter 


! LaTeX Error: Unicode character –æ (U+043E)
               not set up for use with LaTeX.

See the LaTeX manual or LaTeX Companion for explanation.
Type  H <return>  for immediate help.
 ...                                              
                                                  
l.5 –î–æ–ø–æ
            –ª–Ω–∏—Ç–µ–ª—å–Ω–æ–π —Ü–µ–ª—å—é —Ä–∞–±–æ—Ç—ã —è–≤–ª—è–µ—Ç—Å—è –∑...

You may provide a definition with
\DeclareUnicodeCharacter 


! LaTeX Error: Unicode character –ª (U+043B)
               not set up for use with LaTeX.

See the LaTeX manual or LaTeX Companion for explanation.
Type  H <return>  for immediate help.
 ...                                              
                                                  
l.5 –î–æ–ø–æ–ª
              –Ω–∏—Ç–µ–ª—å–Ω–æ–π —Ü–µ–ª—å—é —Ä–∞–±–æ—Ç—ã —è–≤–ª—è–µ—Ç—Å—è –∑...

You may provide a definition with
\DeclareUnicodeCharacter 


! LaTeX Error: Unicode character –Ω (U+043D)
               not set up for use with LaTeX.

See the LaTeX manual or LaTeX Companion for explanation.
Type  H <return>  for immediate help.
 ...                                              
                                                  
l.5 –î–æ–ø–æ–ª–Ω
                –∏—Ç–µ–ª—å–Ω–æ–π —Ü–µ–ª—å—é —Ä–∞–±–æ—Ç—ã —è–≤–ª—è–µ—Ç—Å—è –∑...

You may provide a definition with
\DeclareUnicodeCharacter 


! LaTeX Error: Unicode character –∏ (U+0438)
               not set up for use with LaTeX.

See the LaTeX manual or LaTeX Companion for explanation.
Type  H <return>  for immediate help.
 ...                                              
                                                  
l.5 –î–æ–ø–æ–ª–Ω–∏
                  —Ç–µ–ª—å–Ω–æ–π —Ü–µ–ª—å—é —Ä–∞–±–æ—Ç—ã —è–≤–ª—è–µ—Ç—Å—è –∑...

You may provide a definition with
\DeclareUnicodeCharacter 


! LaTeX Error: Unicode character —Ç (U+0442)
               not set up for use with LaTeX.

See the LaTeX manual or LaTeX Companion for explanation.
Type  H <return>  for immediate help.
 ...                                              
                                                  
l.5 –î–æ–ø–æ–ª–Ω–∏—Ç
                    –µ–ª—å–Ω–æ–π —Ü–µ–ª—å—é —Ä–∞–±–æ—Ç—ã —è–≤–ª—è–µ—Ç—Å—è –∑...

You may provide a definition with
\DeclareUnicodeCharacter 


! LaTeX Error: Unicode character –µ (U+0435)
               not set up for use with LaTeX.

See the LaTeX manual or LaTeX Companion for explanation.
Type  H <return>  for immediate help.
 ...                                              
                                                  
l.5 –î–æ–ø–æ–ª–Ω–∏—Ç–µ
                      –ª—å–Ω–æ–π —Ü–µ–ª—å—é —Ä–∞–±–æ—Ç—ã —è–≤–ª—è–µ—Ç—Å—è –∑...

You may provide a definition with
\DeclareUnicodeCharacter 


! LaTeX Error: Unicode character –ª (U+043B)
               not set up for use with LaTeX.

See the LaTeX manual or LaTeX Companion for explanation.
Type  H <return>  for immediate help.
 ...                                              
                                                  
l.5 –î–æ–ø–æ–ª–Ω–∏—Ç–µ–ª
                        —å–Ω–æ–π —Ü–µ–ª—å—é —Ä–∞–±–æ—Ç—ã —è–≤–ª—è–µ—Ç—Å—è –∑...

You may provide a definition with
\DeclareUnicodeCharacter 


! LaTeX Error: Unicode character —å (U+044C)
               not set up for use with LaTeX.

See the LaTeX manual or LaTeX Companion for explanation.
Type  H <return>  for immediate help.
 ...                                              
                                                  
l.5 –î–æ–ø–æ–ª–Ω–∏—Ç–µ–ª—å
                          –Ω–æ–π —Ü–µ–ª—å—é —Ä–∞–±–æ—Ç—ã —è–≤–ª—è–µ—Ç—Å—è –∑...

You may provide a definition with
\DeclareUnicodeCharacter 


! LaTeX Error: Unicode character –Ω (U+043D)
               not set up for use with LaTeX.

See the LaTeX manual or LaTeX Companion for explanation.
Type  H <return>  for immediate help.
 ...                                              
                                                  
l.5 –î–æ–ø–æ–ª–Ω–∏—Ç–µ–ª—å–Ω
                            –æ–π —Ü–µ–ª—å—é —Ä–∞–±–æ—Ç—ã —è–≤–ª—è–µ—Ç—Å—è –∑...

You may provide a definition with
\DeclareUnicodeCharacter 


! LaTeX Error: Unicode character –æ (U+043E)
               not set up for use with LaTeX.

See the LaTeX manual or LaTeX Companion for explanation.
Type  H <return>  for immediate help.
 ...                                              
                                                  
l.5 –î–æ–ø–æ–ª–Ω–∏—Ç–µ–ª—å–Ω–æ
                              –π —Ü–µ–ª—å—é —Ä–∞–±–æ—Ç—ã —è–≤–ª—è–µ—Ç—Å—è –∑...

You may provide a definition with
\DeclareUnicodeCharacter 


! LaTeX Error: Unicode character –π (U+0439)
               not set up for use with LaTeX.

See the LaTeX manual or LaTeX Companion for explanation.
Type  H <return>  for immediate help.
 ...                                              
                                                  
l.5 –î–æ–ø–æ–ª–Ω–∏—Ç–µ–ª—å–Ω–æ–π
                                 —Ü–µ–ª—å—é —Ä–∞–±–æ—Ç—ã —è–≤–ª—è–µ—Ç—Å—è –∑...

You may provide a definition with
\DeclareUnicodeCharacter 


! LaTeX Error: Unicode character —Ü (U+0446)
               not set up for use with LaTeX.

See the LaTeX manual or LaTeX Companion for explanation.
Type  H <return>  for immediate help.
 ...                                              
                                                  
l.5 –î–æ–ø–æ–ª–Ω–∏—Ç–µ–ª—å–Ω–æ–π —Ü
                                   –µ–ª—å—é —Ä–∞–±–æ—Ç—ã —è–≤–ª—è–µ—Ç—Å—è –∑...

You may provide a definition with
\DeclareUnicodeCharacter 


! LaTeX Error: Unicode character –µ (U+0435)
               not set up for use with LaTeX.

See the LaTeX manual or LaTeX Companion for explanation.
Type  H <return>  for immediate help.
 ...                                              
                                                  
l.5 –î–æ–ø–æ–ª–Ω–∏—Ç–µ–ª—å–Ω–æ–π —Ü–µ
                                     –ª—å—é —Ä–∞–±–æ—Ç—ã —è–≤–ª—è–µ—Ç—Å—è –∑...

You may provide a definition with
\DeclareUnicodeCharacter 


! LaTeX Error: Unicode character –ª (U+043B)
               not set up for use with LaTeX.

See the LaTeX manual or LaTeX Companion for explanation.
Type  H <return>  for immediate help.
 ...                                              
                                                  
l.5 –î–æ–ø–æ–ª–Ω–∏—Ç–µ–ª—å–Ω–æ–π —Ü–µ–ª
                                       —å—é —Ä–∞–±–æ—Ç—ã —è–≤–ª—è–µ—Ç—Å—è –∑...

You may provide a definition with
\DeclareUnicodeCharacter 


! LaTeX Error: Unicode character —å (U+044C)
               not set up for use with LaTeX.

See the LaTeX manual or LaTeX Companion for explanation.
Type  H <return>  for immediate help.
 ...                                              
                                                  
l.5 –î–æ–ø–æ–ª–Ω–∏—Ç–µ–ª—å–Ω–æ–π —Ü–µ–ª—å
                                         —é —Ä–∞–±–æ—Ç—ã —è–≤–ª—è–µ—Ç—Å—è –∑...

You may provide a definition with
\DeclareUnicodeCharacter 


! LaTeX Error: Unicode character —é (U+044E)
               not set up for use with LaTeX.

See the LaTeX manual or LaTeX Companion for explanation.
Type  H <return>  for immediate help.
 ...                                              
                                                  
l.5 –î–æ–ø–æ–ª–Ω–∏—Ç–µ–ª—å–Ω–æ–π —Ü–µ–ª—å—é
                                            —Ä–∞–±–æ—Ç—ã —è–≤–ª—è–µ—Ç—Å—è –∑...

You may provide a definition with
\DeclareUnicodeCharacter 


! LaTeX Error: Unicode character —Ä (U+0440)
               not set up for use with LaTeX.

See the LaTeX manual or LaTeX Companion for explanation.
Type  H <return>  for immediate help.
 ...                                              
                                                  
l.5 –î–æ–ø–æ–ª–Ω–∏—Ç–µ–ª—å–Ω–æ–π —Ü–µ–ª—å—é —Ä
                                              –∞–±–æ—Ç—ã —è–≤–ª—è–µ—Ç—Å—è –∑...

You may provide a definition with
\DeclareUnicodeCharacter 


! LaTeX Error: Unicode character –∞ (U+0430)
               not set up for use with LaTeX.

See the LaTeX manual or LaTeX Companion for explanation.
Type  H <return>  for immediate help.
 ...                                              
                                                  
l.5 –î–æ–ø–æ–ª–Ω–∏—Ç–µ–ª—å–Ω–æ–π —Ü–µ–ª—å—é —Ä–∞
                                                –±–æ—Ç—ã —è–≤–ª—è–µ—Ç—Å—è –∑...

You may provide a definition with
\DeclareUnicodeCharacter 


! LaTeX Error: Unicode character –± (U+0431)
               not set up for use with LaTeX.

See the LaTeX manual or LaTeX Companion for explanation.
Type  H <return>  for immediate help.
 ...                                              
                                                  
l.5 –î–æ–ø–æ–ª–Ω–∏—Ç–µ–ª—å–Ω–æ–π —Ü–µ–ª—å—é —Ä–∞–±
                                                  –æ—Ç—ã —è–≤–ª—è–µ—Ç—Å—è –∑...

You may provide a definition with
\DeclareUnicodeCharacter 


! LaTeX Error: Unicode character –æ (U+043E)
               not set up for use with LaTeX.

See the LaTeX manual or LaTeX Companion for explanation.
Type  H <return>  for immediate help.
 ...                                              
                                                  
l.5 ...ø–æ–ª–Ω–∏—Ç–µ–ª—å–Ω–æ–π —Ü–µ–ª—å—é —Ä–∞–±–æ
                                                  —Ç—ã —è–≤–ª—è–µ—Ç—Å—è –∑–Ω...
(That makes 100 errors; please try again.) 
Here is how much of TeX's memory you used:
 48 strings out of 476331
 751 string characters out of 5804180
 1849660 words of memory out of 5000000
 20586 multiletter control sequences out of 15000+600000
 512287 words of font info for 32 fonts, out of 8000000 for 9000
 1141 hyphenation exceptions out of 8191
 13i,0n,12p,351b,26s stack positions out of 10000i,1000n,20000p,200000b,200000s

!  ==> Fatal error occurred, no output PDF file produced!
